[2023-04-01 21:47:37,535] root - INFO - Training pipleine config: TrainingPipelineConfig(artifact_dir='C:\\Users\\shiva\\Desktop\\test2\\project_template\\us_visa\\artifact')
[2023-04-01 21:47:37,536] root - INFO - Data Ingestion config: DataIngestionConfig(dataset_download_url='https://raw.githubusercontent.com/Shivan118/Main-Branching/main/Visadataset.csv', raw_data_dir='C:\\Users\\shiva\\Desktop\\test2\\project_template\\us_visa\\artifact\\data_ingestion\\2023-04-01-21-47-35\\raw_data', ingested_train_dir='C:\\Users\\shiva\\Desktop\\test2\\project_template\\us_visa\\artifact\\data_ingestion\\2023-04-01-21-47-35\\ingested_data\\train', ingested_test_dir='C:\\Users\\shiva\\Desktop\\test2\\project_template\\us_visa\\artifact\\data_ingestion\\2023-04-01-21-47-35\\ingested_data\\test')
[2023-04-01 21:47:37,536] root - INFO - >>>>>>>>>>>>>>>>>>>>>>>>>>>>>>>>>>>>>>>>>>>>>>>>>>>>>>>>>>>>Data Ingestion log started.<<<<<<<<<<<<<<<<<<<<<<<<<<<<<<<<<<<<<<<<<<<<<<<<<<<<<<<<<<<< 


[2023-04-01 21:47:37,537] root - INFO - Downloading file from :[https://raw.githubusercontent.com/Shivan118/Main-Branching/main/Visadataset.csv] into :[C:\Users\shiva\Desktop\test2\project_template\us_visa\artifact\data_ingestion\2023-04-01-21-47-35\raw_data\Visadataset.csv]
[2023-04-01 21:47:37,880] root - INFO - File :[C:\Users\shiva\Desktop\test2\project_template\us_visa\artifact\data_ingestion\2023-04-01-21-47-35\raw_data\Visadataset.csv] has been downloaded successfully.
[2023-04-01 21:47:37,881] root - INFO - Reading csv file: [C:\Users\shiva\Desktop\test2\project_template\us_visa\artifact\data_ingestion\2023-04-01-21-47-35\raw_data\Visadataset.csv]
[2023-04-01 21:47:37,963] root - INFO - Splitting data into train and test
[2023-04-01 21:47:37,972] root - INFO - Exporting training dataset to file: [C:\Users\shiva\Desktop\test2\project_template\us_visa\artifact\data_ingestion\2023-04-01-21-47-35\ingested_data\train\Visadataset.csv]
[2023-04-01 21:47:38,041] root - INFO - Exporting test dataset to file: [C:\Users\shiva\Desktop\test2\project_template\us_visa\artifact\data_ingestion\2023-04-01-21-47-35\ingested_data\test\Visadataset.csv]
[2023-04-01 21:47:38,060] root - INFO - Data Ingestion artifact:[DataIngestionArtifact(train_file_path='C:\\Users\\shiva\\Desktop\\test2\\project_template\\us_visa\\artifact\\data_ingestion\\2023-04-01-21-47-35\\ingested_data\\train\\Visadataset.csv', test_file_path='C:\\Users\\shiva\\Desktop\\test2\\project_template\\us_visa\\artifact\\data_ingestion\\2023-04-01-21-47-35\\ingested_data\\test\\Visadataset.csv', is_ingested=True, message='Data ingestion completed successfully.')]
[2023-04-01 21:47:38,061] root - INFO - >>>>>>>>>>>>>>>>>>>>>>>>>>>>>>>>>>>>>>>>>>>>>>>>>>>>>>>>>>>>Data Validation log started.<<<<<<<<<<<<<<<<<<<<<<<<<<<<<<<<<<<<<<<<<<<<<<<<<<<<<<<<<<<< 


[2023-04-01 21:47:38,067] root - INFO - Validation Process Started
[2023-04-01 21:47:38,282] root - INFO - Train_set status|is Train filename validated?: True|is train columns validated?: True|is train column name validated?: True|whole missing columns?True
[2023-04-01 21:47:38,282] root - INFO - Test_set status|is Test filename validated?: Trueis test col numbers validated?: True|is test column names validated? True| whole missing columns? True
[2023-04-01 21:47:38,282] root - INFO - Validation Process Completed
[2023-04-01 21:47:38,282] root - INFO - Data validation artifact: DataValidationArtifact(schema_file_path='C:\\Users\\shiva\\Desktop\\test2\\project_template\\config\\schema.yaml', is_validated=True, message='Data validation performed')
[2023-04-01 21:47:38,282] root - INFO - >>>>>>>>>>>>>>>>>>>>>>>>>>>>>>>>>>>>>>>>>>>>>>>>>>>>>>>>>>>>Data Validation log completed.<<<<<<<<<<<<<<<<<<<<<<<<<<<<<<<<<<<<<<<<<<<<<<<<<<<<<<<<<<<<
[2023-04-01 21:47:38,282] root - INFO - Data transformation config: DataTransformationConfig(transformed_train_dir='C:\\Users\\shiva\\Desktop\\test2\\project_template\\us_visa\\artifact\\data_transformation\\2023-04-01-21-47-35\\transformed_data\\train', transformed_test_dir='C:\\Users\\shiva\\Desktop\\test2\\project_template\\us_visa\\artifact\\data_transformation\\2023-04-01-21-47-35\\transformed_data\\test', preprocessed_object_file_path='C:\\Users\\shiva\\Desktop\\test2\\project_template\\us_visa\\artifact\\data_transformation\\2023-04-01-21-47-35\\preprocessed\\preprocessed.pkl')
[2023-04-01 21:47:38,282] root - INFO - >>>>>>>>>>>>>>>>>>>>>>>>>>>>>>>>>>>>>>>>>>>>>>>>>>>>>>>>>>>>Data Transformation log started.<<<<<<<<<<<<<<<<<<<<<<<<<<<<<<<<<<<<<<<<<<<<<<<<<<<<<<<<<<<<
[2023-04-01 21:47:38,282] root - INFO - Obtaining preprocessing object.
[2023-04-01 21:47:38,285] root - INFO - Obtaining training and test file path.
[2023-04-01 21:47:38,285] root - INFO - Loading training and test data as pandas dataframe.
[2023-04-01 21:47:38,511] root - INFO - Outlier capped in train df
[2023-04-01 21:47:38,524] root - INFO - Outlier capped in test df
[2023-04-01 21:47:38,524] root - INFO - Splitting input and target feature from training and testing dataframe.
[2023-04-01 21:47:38,614] root - INFO - Applying preprocessing object on training dataframe and testing dataframe.
[2023-04-01 21:48:03,255] root - INFO - Saving transformed training and test array.
[2023-04-01 21:48:03,267] root - INFO - Saving preprocessing object.
[2023-04-01 21:48:03,283] root - INFO - Data transformation artifact: DataTransformationArtifact(is_transformed=True, message='Data transformation successfull.', transformed_train_file_path='C:\\Users\\shiva\\Desktop\\test2\\project_template\\us_visa\\artifact\\data_transformation\\2023-04-01-21-47-35\\transformed_data\\train\\Visadataset.npz', transformed_test_file_path='C:\\Users\\shiva\\Desktop\\test2\\project_template\\us_visa\\artifact\\data_transformation\\2023-04-01-21-47-35\\transformed_data\\test\\Visadataset.npz', preprocessed_object_file_path='C:\\Users\\shiva\\Desktop\\test2\\project_template\\us_visa\\artifact\\data_transformation\\2023-04-01-21-47-35\\preprocessed\\preprocessed.pkl')
[2023-04-01 21:48:03,289] root - INFO - >>>>>>>>>>>>>>>>>>>>>>>>>>>>>>>>>>>>>>>>>>>>>>>>>>>>>>>>>>>>Data Transformation log completed.<<<<<<<<<<<<<<<<<<<<<<<<<<<<<<<<<<<<<<<<<<<<<<<<<<<<<<<<<<<< 


[2023-04-01 21:48:03,290] root - INFO - Model trainer config: ModelTrainerConfig(trained_model_file_path='C:\\Users\\shiva\\Desktop\\test2\\project_template\\us_visa\\artifact\\model_trainer\\2023-04-01-21-47-35\\trained_model\\model.pkl', base_accuracy=0.6, model_config_file_path='config\\model.yaml')
[2023-04-01 21:48:03,290] root - INFO - >>>>>>>>>>>>>>>>>>>>>>>>>>>>>>>>>>>>>>>>>>>>>>>>>>>>>>>>>>>>Model trainer log started.<<<<<<<<<<<<<<<<<<<<<<<<<<<<<<<<<<<<<<<<<<<<<<<<<<<<<<<<<<<< 
[2023-04-01 21:48:03,290] root - INFO - Loading transformed training dataset
[2023-04-01 21:48:03,308] root - INFO - Loading transformed testing dataset
[2023-04-01 21:48:03,343] root - INFO - Splitting training and testing input and target feature
[2023-04-01 21:48:03,343] root - INFO - Extracting model config file path
[2023-04-01 21:48:03,343] root - INFO - Initializing model factory class using above model config file: config\model.yaml
[2023-04-01 21:48:03,351] root - INFO - Expected accuracy: 0.6
[2023-04-01 21:48:03,351] root - INFO - Initiating operation model selection
[2023-04-01 21:48:03,351] root - INFO - Started Initializing model from config file
[2023-04-01 21:48:03,351] root - INFO - Executing command: from <module 'sklearn.ensemble' from 'C:\\Application\\anaconda\\envs\\travelling\\lib\\site-packages\\sklearn\\ensemble\\__init__.py'> import RandomForestClassifier
[2023-04-01 21:48:03,358] root - INFO - Executing:$ RandomForestClassifier().max_depth=0.1
[2023-04-01 21:48:03,359] root - INFO - Executing:$ RandomForestClassifier(max_depth=0.1).max_features=5
[2023-04-01 21:48:03,360] root - INFO - Executing:$ RandomForestClassifier(max_depth=0.1, max_features=5).min_samples_split=2
[2023-04-01 21:48:03,360] root - INFO - Executing:$ RandomForestClassifier(max_depth=0.1, max_features=5).n_estimators=100
[2023-04-01 21:48:03,360] root - INFO - Executing command: from <module 'sklearn.neighbors' from 'C:\\Application\\anaconda\\envs\\travelling\\lib\\site-packages\\sklearn\\neighbors\\__init__.py'> import KNeighborsClassifier
[2023-04-01 21:48:03,361] root - INFO - Executing:$ KNeighborsClassifier().n_neighbors=2
[2023-04-01 21:48:03,362] root - INFO - Executing:$ KNeighborsClassifier(n_neighbors=2).weights=uniform
[2023-04-01 21:48:03,364] root - INFO - Initialized model: [InitializedModelDetail(model_serial_number='module_0', model=RandomForestClassifier(max_depth=0.1, max_features=5), param_grid_search={'min_samples_split': [2, 8, 15], 'max_features': [5, 'sqrt', 'log2'], 'n_estimators': [100, 200, 1000], 'max_depth': [5, 8, 10]}, model_name='sklearn.ensemble.RandomForestClassifier'), InitializedModelDetail(model_serial_number='module_1', model=KNeighborsClassifier(n_neighbors=2), param_grid_search={'n_neighbors': [3, 5, 9, 11], 'weights': ['uniform', 'distance']}, model_name='sklearn.neighbors.KNeighborsClassifier')]
[2023-04-01 21:48:03,364] root - INFO - Executing command: from <module 'sklearn.model_selection' from 'C:\\Application\\anaconda\\envs\\travelling\\lib\\site-packages\\sklearn\\model_selection\\__init__.py'> import GridSearchCV
[2023-04-01 21:48:03,367] root - INFO - Executing:$ GridSearchCV(estimator=RandomForestClassifier(max_depth=0.1, max_features=5),
             param_grid={'max_depth': [5, 8, 10],
                         'max_features': [5, 'sqrt', 'log2'],
                         'min_samples_split': [2, 8, 15],
                         'n_estimators': [100, 200, 1000]}).cv=2
[2023-04-01 21:48:03,368] root - INFO - Executing:$ GridSearchCV(cv=2,
             estimator=RandomForestClassifier(max_depth=0.1, max_features=5),
             param_grid={'max_depth': [5, 8, 10],
                         'max_features': [5, 'sqrt', 'log2'],
                         'min_samples_split': [2, 8, 15],
                         'n_estimators': [100, 200, 1000]}).verbose=2
[2023-04-01 21:48:03,368] root - INFO - >>>>>>>>>>>>>>>>>>>>>>>>>>>>>>>>>>>>>>>>>>>>>>>>>>>>>>>>>>>> f"Training RandomForestClassifier Started." <<<<<<<<<<<<<<<<<<<<<<<<<<<<<<<<<<<<<<<<<<<<<<<<<<<<<<<<<<<<
[2023-04-01 21:55:52,551] root - INFO - Executing command: from <module 'sklearn.model_selection' from 'C:\\Application\\anaconda\\envs\\travelling\\lib\\site-packages\\sklearn\\model_selection\\__init__.py'> import GridSearchCV
[2023-04-01 21:55:52,552] root - INFO - Executing:$ GridSearchCV(estimator=KNeighborsClassifier(n_neighbors=2),
             param_grid={'n_neighbors': [3, 5, 9, 11],
                         'weights': ['uniform', 'distance']}).cv=2
[2023-04-01 21:55:52,553] root - INFO - Executing:$ GridSearchCV(cv=2, estimator=KNeighborsClassifier(n_neighbors=2),
             param_grid={'n_neighbors': [3, 5, 9, 11],
                         'weights': ['uniform', 'distance']}).verbose=2
[2023-04-01 21:55:52,553] root - INFO - >>>>>>>>>>>>>>>>>>>>>>>>>>>>>>>>>>>>>>>>>>>>>>>>>>>>>>>>>>>> f"Training KNeighborsClassifier Started." <<<<<<<<<<<<<<<<<<<<<<<<<<<<<<<<<<<<<<<<<<<<<<<<<<<<<<<<<<<<
[2023-04-01 21:56:11,918] root - INFO - Acceptable model found:GridSearchedBestModel(model_serial_number='module_0', model=RandomForestClassifier(max_depth=0.1, max_features=5), best_model=RandomForestClassifier(max_depth=10, max_features=5, n_estimators=200), best_parameters={'max_depth': 10, 'max_features': 5, 'min_samples_split': 2, 'n_estimators': 200}, best_score=0.8998971797884842)
[2023-04-01 21:56:11,919] root - INFO - Acceptable model found:GridSearchedBestModel(model_serial_number='module_1', model=KNeighborsClassifier(n_neighbors=2), best_model=KNeighborsClassifier(n_neighbors=3, weights='distance'), best_parameters={'n_neighbors': 3, 'weights': 'distance'}, best_score=0.950352526439483)
[2023-04-01 21:56:11,919] root - INFO - Best model: GridSearchedBestModel(model_serial_number='module_1', model=KNeighborsClassifier(n_neighbors=2), best_model=KNeighborsClassifier(n_neighbors=3, weights='distance'), best_parameters={'n_neighbors': 3, 'weights': 'distance'}, best_score=0.950352526439483)
[2023-04-01 21:56:11,920] root - INFO - Best model found on training dataset: GridSearchedBestModel(model_serial_number='module_1', model=KNeighborsClassifier(n_neighbors=2), best_model=KNeighborsClassifier(n_neighbors=3, weights='distance'), best_parameters={'n_neighbors': 3, 'weights': 'distance'}, best_score=0.950352526439483)
[2023-04-01 21:56:11,920] root - INFO - Extracting trained model list.
[2023-04-01 21:56:11,920] root - INFO - Evaluation all trained model on training and testing dataset both
[2023-04-01 21:56:11,921] root - INFO - >>>>>>>>>>>>>>>>>>>>>>>>>>>>>>>>>>>>>>>>>>>>>>>>>>>>>>>>>>>>Started evaluating model: [RandomForestClassifier] <<<<<<<<<<<<<<<<<<<<<<<<<<<<<<<<<<<<<<<<<<<<<<<<<<<<<<<<<<<<
[2023-04-01 21:56:12,358] root - INFO - >>>>>>>>>>>>>>>>>>>>>>>>>>>>>>>>>>>>>>>>>>>>>>>>>>>>>>>>>>>> Score <<<<<<<<<<<<<<<<<<<<<<<<<<<<<<<<<<<<<<<<<<<<<<<<<<<<<<<<<<<<
[2023-04-01 21:56:12,358] root - INFO - Train Score		 Test Score		 Average Score
[2023-04-01 21:56:12,358] root - INFO - 0.9247209165687427		 0.8594457013574661		0.8908892350245866
[2023-04-01 21:56:12,358] root - INFO - >>>>>>>>>>>>>>>>>>>>>>>>>>>>>>>>>>>>>>>>>>>>>>>>>>>>>>>>>>>> F1 Score <<<<<<<<<<<<<<<<<<<<<<<<<<<<<<<<<<<<<<<<<<<<<<<<<<<<<<<<<<<<
[2023-04-01 21:56:12,359] root - INFO - Diff test train accuracy: [0.06527521521127655].
[2023-04-01 21:56:12,359] root - INFO - Train root mean squared error: [0.9284567599637049].
[2023-04-01 21:56:12,359] root - INFO - Test root mean squared error: [0.8661459736062483].
[2023-04-01 21:56:12,359] root - INFO - Acceptable model found MetricInfoArtifact(model_name='RandomForestClassifier(max_depth=10, max_features=5, n_estimators=200)', model_object=RandomForestClassifier(max_depth=10, max_features=5, n_estimators=200), train_f1=0.9284567599637049, test_f1=0.8661459736062483, train_accuracy=0.9247209165687427, test_accuracy=0.8594457013574661, model_accuracy=0.8908892350245866, index_number=0). 
[2023-04-01 21:56:12,359] root - INFO - >>>>>>>>>>>>>>>>>>>>>>>>>>>>>>>>>>>>>>>>>>>>>>>>>>>>>>>>>>>>Started evaluating model: [KNeighborsClassifier] <<<<<<<<<<<<<<<<<<<<<<<<<<<<<<<<<<<<<<<<<<<<<<<<<<<<<<<<<<<<
[2023-04-01 21:56:18,769] root - INFO - >>>>>>>>>>>>>>>>>>>>>>>>>>>>>>>>>>>>>>>>>>>>>>>>>>>>>>>>>>>> Score <<<<<<<<<<<<<<<<<<<<<<<<<<<<<<<<<<<<<<<<<<<<<<<<<<<<<<<<<<<<
[2023-04-01 21:56:18,772] root - INFO - Train Score		 Test Score		 Average Score
[2023-04-01 21:56:18,772] root - INFO - 1.0		 0.8249434389140271		0.9040756237408957
[2023-04-01 21:56:18,772] root - INFO - >>>>>>>>>>>>>>>>>>>>>>>>>>>>>>>>>>>>>>>>>>>>>>>>>>>>>>>>>>>> F1 Score <<<<<<<<<<<<<<<<<<<<<<<<<<<<<<<<<<<<<<<<<<<<<<<<<<<<<<<<<<<<
[2023-04-01 21:56:18,773] root - INFO - Diff test train accuracy: [0.1750565610859729].
[2023-04-01 21:56:18,773] root - INFO - Train root mean squared error: [1.0].
[2023-04-01 21:56:18,773] root - INFO - Test root mean squared error: [0.8384233881493083].
[2023-04-01 21:56:18,774] root - INFO - Best found model on both training and testing dataset.
[2023-04-01 21:56:18,820] root - INFO - Saving model at path: C:\Users\shiva\Desktop\test2\project_template\us_visa\artifact\model_trainer\2023-04-01-21-47-35\trained_model\model.pkl
[2023-04-01 21:56:19,190] root - INFO - Model Trainer Artifact: ModelTrainerArtifact(is_trained=True, message='Model Trained successfully', trained_model_file_path='C:\\Users\\shiva\\Desktop\\test2\\project_template\\us_visa\\artifact\\model_trainer\\2023-04-01-21-47-35\\trained_model\\model.pkl', train_f1=0.9284567599637049, test_f1=0.8661459736062483, train_accuracy=0.9247209165687427, test_accuracy=0.8594457013574661, model_accuracy=0.8908892350245866)
[2023-04-01 21:56:19,194] root - INFO - >>>>>>>>>>>>>>>>>>>>>>>>>>>>>>>>>>>>>>>>>>>>>>>>>>>>>>>>>>>>Model trainer log completed.<<<<<<<<<<<<<<<<<<<<<<<<<<<<<<<<<<<<<<<<<<<<<<<<<<<<<<<<<<<< 
[2023-04-01 21:56:19,194] root - INFO - Model Evaluation Config: ModelEvaluationConfig(model_evaluation_file_path='C:\\Users\\shiva\\Desktop\\test2\\project_template\\us_visa\\artifact\\model_evaluation\\model_evaluation.yaml', time_stamp='2023-04-01-21-47-35').
[2023-04-01 21:56:19,194] root - INFO - >>>>>>>>>>>>>>>>>>>>>>>>>>>>>>>>>>>>>>>>>>>>>>>>>>>>>>>>>>>>Model Evaluation log started.<<<<<<<<<<<<<<<<<<<<<<<<<<<<<<<<<<<<<<<<<<<<<<<<<<<<<<<<<<<< 
[2023-04-01 21:56:19,378] root - INFO - Converting target column into numpy array.
[2023-04-01 21:56:19,378] root - INFO - Conversion completed target column into numpy array.
[2023-04-01 21:56:19,378] root - INFO - Dropping target column from the dataframe.
[2023-04-01 21:56:19,382] root - INFO - Dropping target column from the dataframe completed.
[2023-04-01 21:56:19,418] root - INFO - >>>>>>>>>>>>>>>>>>>>>>>>>>>>>>>>>>>>>>>>>>>>>>>>>>>>>>>>>>>>Started evaluating model: [VisaApprovalPredictor] <<<<<<<<<<<<<<<<<<<<<<<<<<<<<<<<<<<<<<<<<<<<<<<<<<<<<<<<<<<<
[2023-04-01 21:56:20,298] root - INFO - >>>>>>>>>>>>>>>>>>>>>>>>>>>>>>>>>>>>>>>>>>>>>>>>>>>>>>>>>>>> Score <<<<<<<<<<<<<<<<<<<<<<<<<<<<<<<<<<<<<<<<<<<<<<<<<<<<<<<<<<<<
[2023-04-01 21:56:20,298] root - INFO - Train Score		 Test Score		 Average Score
[2023-04-01 21:56:20,299] root - INFO - 0.7276295133437991		 0.7176216640502355		0.7225909383023146
[2023-04-01 21:56:20,299] root - INFO - >>>>>>>>>>>>>>>>>>>>>>>>>>>>>>>>>>>>>>>>>>>>>>>>>>>>>>>>>>>> F1 Score <<<<<<<<<<<<<<<<<<<<<<<<<<<<<<<<<<<<<<<<<<<<<<<<<<<<<<<<<<<<
[2023-04-01 21:56:20,299] root - INFO - Diff test train accuracy: [0.010007849293563575].
[2023-04-01 21:56:20,299] root - INFO - Train root mean squared error: [0.6403679233061278].
[2023-04-01 21:56:20,299] root - INFO - Test root mean squared error: [0.6272986272986273].
[2023-04-01 21:56:20,299] root - INFO - >>>>>>>>>>>>>>>>>>>>>>>>>>>>>>>>>>>>>>>>>>>>>>>>>>>>>>>>>>>>Started evaluating model: [VisaApprovalPredictor] <<<<<<<<<<<<<<<<<<<<<<<<<<<<<<<<<<<<<<<<<<<<<<<<<<<<<<<<<<<<
[2023-04-01 21:56:21,218] root - INFO - >>>>>>>>>>>>>>>>>>>>>>>>>>>>>>>>>>>>>>>>>>>>>>>>>>>>>>>>>>>> Score <<<<<<<<<<<<<<<<<<<<<<<<<<<<<<<<<<<<<<<<<<<<<<<<<<<<<<<<<<<<
[2023-04-01 21:56:21,218] root - INFO - Train Score		 Test Score		 Average Score
[2023-04-01 21:56:21,219] root - INFO - 0.7295918367346939		 0.717425431711146		0.723457487144573
[2023-04-01 21:56:21,219] root - INFO - >>>>>>>>>>>>>>>>>>>>>>>>>>>>>>>>>>>>>>>>>>>>>>>>>>>>>>>>>>>> F1 Score <<<<<<<<<<<<<<<<<<<<<<<<<<<<<<<<<<<<<<<<<<<<<<<<<<<<<<<<<<<<
[2023-04-01 21:56:21,219] root - INFO - Diff test train accuracy: [0.012166405023547822].
[2023-04-01 21:56:21,219] root - INFO - Train root mean squared error: [0.640584246218049].
[2023-04-01 21:56:21,219] root - INFO - Test root mean squared error: [0.6238244514106583].
[2023-04-01 21:56:21,219] root - INFO - No model found with higher accuracy than base accuracy
[2023-04-01 21:56:21,219] root - INFO - Model evaluation completed. model metric artifact: None
[2023-04-01 21:56:21,219] root - INFO - ModelEvaluationArtifact(is_model_accepted=False, evaluated_model_path='C:\\Users\\shiva\\Desktop\\test2\\project_template\\us_visa\\artifact\\model_trainer\\2023-04-01-21-47-35\\trained_model\\model.pkl')
[2023-04-01 21:56:21,226] root - INFO - ====================Model Evaluation log completed.==================== 
[2023-04-01 21:56:21,227] root - INFO - Model pusher config ModelPusherConfig(export_dir_path='C:\\Users\\shiva\\Desktop\\test2\\project_template\\saved_models\\20230401215621')
[2023-04-01 21:56:21,228] root - INFO - >>>>>>>>>>>>>>>>>>>>>>>>>>>>>>>>>>>>>>>>>>>>>>>>>>>>>>>>>>>>Model Pusher log started.<<<<<<<<<<<<<<<<<<<<<<<<<<<<<<<<<<<<<<<<<<<<<<<<<<<<<<<<<<<< 
[2023-04-01 21:56:21,228] root - INFO - Exporting model file: [C:\Users\shiva\Desktop\test2\project_template\saved_models\20230401215621\model.pkl]
[2023-04-01 21:56:21,278] root - INFO - Trained model: C:\Users\shiva\Desktop\test2\project_template\us_visa\artifact\model_trainer\2023-04-01-21-47-35\trained_model\model.pkl is copied in export dir:[C:\Users\shiva\Desktop\test2\project_template\saved_models\20230401215621\model.pkl]
[2023-04-01 21:56:21,278] root - INFO - Model Pusher artifact: [ModelPusherArtifact(is_model_pusher=True, export_model_file_path='C:\\Users\\shiva\\Desktop\\test2\\project_template\\saved_models\\20230401215621\\model.pkl')
[2023-04-01 21:56:21,279] root - INFO - >>>>>>>>>>>>>>>>>>>>>>>>>>>>>>>>>>>>>>>>Model Pusher log completed.<<<<<<<<<<<<<<<<<<<<<<<<<<<<<<<<<<<<<<<<
