[2023-04-01 14:25:11,497] root - INFO - Training pipleine config: TrainingPipelineConfig(artifact_dir='C:\\Users\\shiva\\Desktop\\test2\\project_template\\us_visa\\artifact')
[2023-04-01 14:25:11,498] root - INFO - Data Ingestion config: DataIngestionConfig(dataset_download_url='https://raw.githubusercontent.com/Shivan118/Main-Branching/main/Visadataset.csv', raw_data_dir='C:\\Users\\shiva\\Desktop\\test2\\project_template\\us_visa\\artifact\\data_ingestion\\2023-04-01-14-25-09\\raw_data', ingested_train_dir='C:\\Users\\shiva\\Desktop\\test2\\project_template\\us_visa\\artifact\\data_ingestion\\2023-04-01-14-25-09\\ingested_data\\train', ingested_test_dir='C:\\Users\\shiva\\Desktop\\test2\\project_template\\us_visa\\artifact\\data_ingestion\\2023-04-01-14-25-09\\ingested_data\\test')
[2023-04-01 14:25:11,503] root - INFO - >>>>>>>>>>>>>>>>>>>>>>>>>>>>>>>>>>>>>>>>>>>>>>>>>>>>>>>>>>>>Data Ingestion log started.<<<<<<<<<<<<<<<<<<<<<<<<<<<<<<<<<<<<<<<<<<<<<<<<<<<<<<<<<<<< 


[2023-04-01 14:25:11,504] root - INFO - Downloading file from :[https://raw.githubusercontent.com/Shivan118/Main-Branching/main/Visadataset.csv] into :[C:\Users\shiva\Desktop\test2\project_template\us_visa\artifact\data_ingestion\2023-04-01-14-25-09\raw_data\Visadataset.csv]
[2023-04-01 14:25:12,878] root - INFO - File :[C:\Users\shiva\Desktop\test2\project_template\us_visa\artifact\data_ingestion\2023-04-01-14-25-09\raw_data\Visadataset.csv] has been downloaded successfully.
[2023-04-01 14:25:12,878] root - INFO - Reading csv file: [C:\Users\shiva\Desktop\test2\project_template\us_visa\artifact\data_ingestion\2023-04-01-14-25-09\raw_data\Visadataset.csv]
[2023-04-01 14:25:13,013] root - INFO - Splitting data into train and test
[2023-04-01 14:25:13,026] root - INFO - Exporting training dataset to file: [C:\Users\shiva\Desktop\test2\project_template\us_visa\artifact\data_ingestion\2023-04-01-14-25-09\ingested_data\train\Visadataset.csv]
[2023-04-01 14:25:13,151] root - INFO - Exporting test dataset to file: [C:\Users\shiva\Desktop\test2\project_template\us_visa\artifact\data_ingestion\2023-04-01-14-25-09\ingested_data\test\Visadataset.csv]
[2023-04-01 14:25:13,200] root - INFO - Data Ingestion artifact:[DataIngestionArtifact(train_file_path='C:\\Users\\shiva\\Desktop\\test2\\project_template\\us_visa\\artifact\\data_ingestion\\2023-04-01-14-25-09\\ingested_data\\train\\Visadataset.csv', test_file_path='C:\\Users\\shiva\\Desktop\\test2\\project_template\\us_visa\\artifact\\data_ingestion\\2023-04-01-14-25-09\\ingested_data\\test\\Visadataset.csv', is_ingested=True, message='Data ingestion completed successfully.')]
[2023-04-01 14:25:13,203] root - INFO - >>>>>>>>>>>>>>>>>>>>>>>>>>>>>>>>>>>>>>>>>>>>>>>>>>>>>>>>>>>>Data Validation log started.<<<<<<<<<<<<<<<<<<<<<<<<<<<<<<<<<<<<<<<<<<<<<<<<<<<<<<<<<<<< 


[2023-04-01 14:25:13,220] root - INFO - Validation Process Started
[2023-04-01 14:25:13,458] root - INFO - Train_set status|is Train filename validated?: True|is train columns validated?: True|is train column name validated?: True|whole missing columns?True
[2023-04-01 14:25:13,458] root - INFO - Test_set status|is Test filename validated?: Trueis test col numbers validated?: True|is test column names validated? True| whole missing columns? True
[2023-04-01 14:25:13,458] root - INFO - Validation Process Completed
[2023-04-01 14:25:13,458] root - INFO - Data validation artifact: DataValidationArtifact(schema_file_path='C:\\Users\\shiva\\Desktop\\test2\\project_template\\config\\schema.yaml', is_validated=True, message='Data validation performed')
[2023-04-01 14:25:13,458] root - INFO - >>>>>>>>>>>>>>>>>>>>>>>>>>>>>>>>>>>>>>>>>>>>>>>>>>>>>>>>>>>>Data Validation log completed.<<<<<<<<<<<<<<<<<<<<<<<<<<<<<<<<<<<<<<<<<<<<<<<<<<<<<<<<<<<<
[2023-04-01 14:25:13,458] root - INFO - Data transformation config: DataTransformationConfig(transformed_train_dir='C:\\Users\\shiva\\Desktop\\test2\\project_template\\us_visa\\artifact\\data_transformation\\2023-04-01-14-25-09\\transformed_data\\train', transformed_test_dir='C:\\Users\\shiva\\Desktop\\test2\\project_template\\us_visa\\artifact\\data_transformation\\2023-04-01-14-25-09\\transformed_data\\test', preprocessed_object_file_path='C:\\Users\\shiva\\Desktop\\test2\\project_template\\us_visa\\artifact\\data_transformation\\2023-04-01-14-25-09\\preprocessed\\preprocessed.pkl')
[2023-04-01 14:25:13,458] root - INFO - >>>>>>>>>>>>>>>>>>>>>>>>>>>>>>>>>>>>>>>>>>>>>>>>>>>>>>>>>>>>Data Transformation log started.<<<<<<<<<<<<<<<<<<<<<<<<<<<<<<<<<<<<<<<<<<<<<<<<<<<<<<<<<<<<
[2023-04-01 14:25:13,458] root - INFO - Obtaining preprocessing object.
[2023-04-01 14:25:13,461] root - INFO - Obtaining training and test file path.
[2023-04-01 14:25:13,461] root - INFO - Loading training and test data as pandas dataframe.
[2023-04-01 14:25:13,539] root - INFO - Outlier capped in train df
[2023-04-01 14:25:13,542] root - INFO - Outlier capped in test df
[2023-04-01 14:25:13,542] root - INFO - Splitting input and target feature from training and testing dataframe.
[2023-04-01 14:25:13,566] root - INFO - Applying preprocessing object on training dataframe and testing dataframe.
[2023-04-01 14:25:44,695] root - INFO - Saving transformed training and test array.
[2023-04-01 14:25:44,720] root - INFO - Saving preprocessing object.
[2023-04-01 14:25:44,757] root - INFO - Data transformation artifact: DataTransformationArtifact(is_transformed=True, message='Data transformation successfull.', transformed_train_file_path='C:\\Users\\shiva\\Desktop\\test2\\project_template\\us_visa\\artifact\\data_transformation\\2023-04-01-14-25-09\\transformed_data\\train\\Visadataset.npz', transformed_test_file_path='C:\\Users\\shiva\\Desktop\\test2\\project_template\\us_visa\\artifact\\data_transformation\\2023-04-01-14-25-09\\transformed_data\\test\\Visadataset.npz', preprocessed_object_file_path='C:\\Users\\shiva\\Desktop\\test2\\project_template\\us_visa\\artifact\\data_transformation\\2023-04-01-14-25-09\\preprocessed\\preprocessed.pkl')
[2023-04-01 14:25:44,767] root - INFO - >>>>>>>>>>>>>>>>>>>>>>>>>>>>>>>>>>>>>>>>>>>>>>>>>>>>>>>>>>>>Data Transformation log completed.<<<<<<<<<<<<<<<<<<<<<<<<<<<<<<<<<<<<<<<<<<<<<<<<<<<<<<<<<<<< 


[2023-04-01 14:25:44,769] root - INFO - Model trainer config: ModelTrainerConfig(trained_model_file_path='C:\\Users\\shiva\\Desktop\\test2\\project_template\\us_visa\\artifact\\model_trainer\\2023-04-01-14-25-09\\trained_model\\model.pkl', base_accuracy=0.6, model_config_file_path='config\\model.yaml')
[2023-04-01 14:25:44,769] root - INFO - >>>>>>>>>>>>>>>>>>>>>>>>>>>>>>>>>>>>>>>>>>>>>>>>>>>>>>>>>>>>Model trainer log started.<<<<<<<<<<<<<<<<<<<<<<<<<<<<<<<<<<<<<<<<<<<<<<<<<<<<<<<<<<<< 
[2023-04-01 14:25:44,769] root - INFO - Loading transformed training dataset
[2023-04-01 14:25:44,802] root - INFO - Loading transformed testing dataset
[2023-04-01 14:25:44,848] root - INFO - Splitting training and testing input and target feature
[2023-04-01 14:25:44,848] root - INFO - Extracting model config file path
[2023-04-01 14:25:44,848] root - INFO - Initializing model factory class using above model config file: config\model.yaml
[2023-04-01 14:25:44,861] root - INFO - Expected accuracy: 0.6
[2023-04-01 14:25:44,861] root - INFO - Initiating operation model selection
[2023-04-01 14:25:44,861] root - INFO - Started Initializing model from config file
[2023-04-01 14:25:44,862] root - INFO - Executing command: from <module 'sklearn.ensemble' from 'C:\\Application\\anaconda\\envs\\travelling\\lib\\site-packages\\sklearn\\ensemble\\__init__.py'> import RandomForestClassifier
[2023-04-01 14:25:44,878] root - INFO - Executing:$ RandomForestClassifier().max_depth=0.1
[2023-04-01 14:25:44,879] root - INFO - Executing:$ RandomForestClassifier(max_depth=0.1).max_features=5
[2023-04-01 14:25:44,879] root - INFO - Executing:$ RandomForestClassifier(max_depth=0.1, max_features=5).min_samples_split=2
[2023-04-01 14:25:44,879] root - INFO - Executing:$ RandomForestClassifier(max_depth=0.1, max_features=5).n_estimators=100
[2023-04-01 14:25:44,880] root - INFO - Executing command: from <module 'sklearn.neighbors' from 'C:\\Application\\anaconda\\envs\\travelling\\lib\\site-packages\\sklearn\\neighbors\\__init__.py'> import KNeighborsClassifier
[2023-04-01 14:25:44,881] root - INFO - Executing:$ KNeighborsClassifier().n_neighbors=2
[2023-04-01 14:25:44,882] root - INFO - Executing:$ KNeighborsClassifier(n_neighbors=2).weights=uniform
[2023-04-01 14:25:44,883] root - INFO - Initialized model: [InitializedModelDetail(model_serial_number='module_0', model=RandomForestClassifier(max_depth=0.1, max_features=5), param_grid_search={'min_samples_split': [2, 8, 15], 'max_features': [5, 'sqrt', 'log2'], 'n_estimators': [100, 200, 1000], 'max_depth': [5, 8, 10]}, model_name='sklearn.ensemble.RandomForestClassifier'), InitializedModelDetail(model_serial_number='module_1', model=KNeighborsClassifier(n_neighbors=2), param_grid_search={'n_neighbors': [3, 5, 9, 11], 'weights': ['uniform', 'distance']}, model_name='sklearn.neighbors.KNeighborsClassifier')]
[2023-04-01 14:25:44,883] root - INFO - Executing command: from <module 'sklearn.model_selection' from 'C:\\Application\\anaconda\\envs\\travelling\\lib\\site-packages\\sklearn\\model_selection\\__init__.py'> import GridSearchCV
[2023-04-01 14:25:44,888] root - INFO - Executing:$ GridSearchCV(estimator=RandomForestClassifier(max_depth=0.1, max_features=5),
             param_grid={'max_depth': [5, 8, 10],
                         'max_features': [5, 'sqrt', 'log2'],
                         'min_samples_split': [2, 8, 15],
                         'n_estimators': [100, 200, 1000]}).cv=2
[2023-04-01 14:25:44,889] root - INFO - Executing:$ GridSearchCV(cv=2,
             estimator=RandomForestClassifier(max_depth=0.1, max_features=5),
             param_grid={'max_depth': [5, 8, 10],
                         'max_features': [5, 'sqrt', 'log2'],
                         'min_samples_split': [2, 8, 15],
                         'n_estimators': [100, 200, 1000]}).verbose=2
[2023-04-01 14:25:44,889] root - INFO - >>>>>>>>>>>>>>>>>>>>>>>>>>>>>>>>>>>>>>>>>>>>>>>>>>>>>>>>>>>> f"Training RandomForestClassifier Started." <<<<<<<<<<<<<<<<<<<<<<<<<<<<<<<<<<<<<<<<<<<<<<<<<<<<<<<<<<<<
[2023-04-01 14:33:21,536] root - INFO - Executing command: from <module 'sklearn.model_selection' from 'C:\\Application\\anaconda\\envs\\travelling\\lib\\site-packages\\sklearn\\model_selection\\__init__.py'> import GridSearchCV
[2023-04-01 14:33:21,540] root - INFO - Executing:$ GridSearchCV(estimator=KNeighborsClassifier(n_neighbors=2),
             param_grid={'n_neighbors': [3, 5, 9, 11],
                         'weights': ['uniform', 'distance']}).cv=2
[2023-04-01 14:33:21,542] root - INFO - Executing:$ GridSearchCV(cv=2, estimator=KNeighborsClassifier(n_neighbors=2),
             param_grid={'n_neighbors': [3, 5, 9, 11],
                         'weights': ['uniform', 'distance']}).verbose=2
[2023-04-01 14:33:21,542] root - INFO - >>>>>>>>>>>>>>>>>>>>>>>>>>>>>>>>>>>>>>>>>>>>>>>>>>>>>>>>>>>> f"Training KNeighborsClassifier Started." <<<<<<<<<<<<<<<<<<<<<<<<<<<<<<<<<<<<<<<<<<<<<<<<<<<<<<<<<<<<
[2023-04-01 14:33:47,186] root - INFO - Acceptable model found:GridSearchedBestModel(model_serial_number='module_0', model=RandomForestClassifier(max_depth=0.1, max_features=5), best_model=RandomForestClassifier(max_depth=10, max_features=5), best_parameters={'max_depth': 10, 'max_features': 5, 'min_samples_split': 2, 'n_estimators': 100}, best_score=0.8999706227967097)
[2023-04-01 14:33:47,196] root - INFO - Acceptable model found:GridSearchedBestModel(model_serial_number='module_1', model=KNeighborsClassifier(n_neighbors=2), best_model=KNeighborsClassifier(n_neighbors=3, weights='distance'), best_parameters={'n_neighbors': 3, 'weights': 'distance'}, best_score=0.950352526439483)
[2023-04-01 14:33:47,197] root - INFO - Best model: GridSearchedBestModel(model_serial_number='module_1', model=KNeighborsClassifier(n_neighbors=2), best_model=KNeighborsClassifier(n_neighbors=3, weights='distance'), best_parameters={'n_neighbors': 3, 'weights': 'distance'}, best_score=0.950352526439483)
[2023-04-01 14:33:47,199] root - INFO - Best model found on training dataset: GridSearchedBestModel(model_serial_number='module_1', model=KNeighborsClassifier(n_neighbors=2), best_model=KNeighborsClassifier(n_neighbors=3, weights='distance'), best_parameters={'n_neighbors': 3, 'weights': 'distance'}, best_score=0.950352526439483)
[2023-04-01 14:33:47,199] root - INFO - Extracting trained model list.
[2023-04-01 14:33:47,200] root - INFO - Evaluation all trained model on training and testing dataset both
[2023-04-01 14:33:47,201] root - INFO - >>>>>>>>>>>>>>>>>>>>>>>>>>>>>>>>>>>>>>>>>>>>>>>>>>>>>>>>>>>>Started evaluating model: [RandomForestClassifier] <<<<<<<<<<<<<<<<<<<<<<<<<<<<<<<<<<<<<<<<<<<<<<<<<<<<<<<<<<<<
[2023-04-01 14:33:47,598] root - INFO - >>>>>>>>>>>>>>>>>>>>>>>>>>>>>>>>>>>>>>>>>>>>>>>>>>>>>>>>>>>> Score <<<<<<<<<<<<<<<<<<<<<<<<<<<<<<<<<<<<<<<<<<<<<<<<<<<<<<<<<<<<
[2023-04-01 14:33:47,598] root - INFO - Train Score		 Test Score		 Average Score
[2023-04-01 14:33:47,598] root - INFO - 0.9241333725029377		 0.8625565610859729		0.8922838695013552
[2023-04-01 14:33:47,598] root - INFO - >>>>>>>>>>>>>>>>>>>>>>>>>>>>>>>>>>>>>>>>>>>>>>>>>>>>>>>>>>>> F1 Score <<<<<<<<<<<<<<<<<<<<<<<<<<<<<<<<<<<<<<<<<<<<<<<<<<<<<<<<<<<<
[2023-04-01 14:33:47,598] root - INFO - Diff test train accuracy: [0.061576811416964805].
[2023-04-01 14:33:47,598] root - INFO - Train root mean squared error: [0.9279084374345733].
[2023-04-01 14:33:47,598] root - INFO - Test root mean squared error: [0.8692845615922539].
[2023-04-01 14:33:47,599] root - INFO - Acceptable model found MetricInfoArtifact(model_name='RandomForestClassifier(max_depth=10, max_features=5)', model_object=RandomForestClassifier(max_depth=10, max_features=5), train_f1=0.9279084374345733, test_f1=0.8692845615922539, train_accuracy=0.9241333725029377, test_accuracy=0.8625565610859729, model_accuracy=0.8922838695013552, index_number=0). 
[2023-04-01 14:33:47,600] root - INFO - >>>>>>>>>>>>>>>>>>>>>>>>>>>>>>>>>>>>>>>>>>>>>>>>>>>>>>>>>>>>Started evaluating model: [KNeighborsClassifier] <<<<<<<<<<<<<<<<<<<<<<<<<<<<<<<<<<<<<<<<<<<<<<<<<<<<<<<<<<<<
[2023-04-01 14:33:55,314] root - INFO - >>>>>>>>>>>>>>>>>>>>>>>>>>>>>>>>>>>>>>>>>>>>>>>>>>>>>>>>>>>> Score <<<<<<<<<<<<<<<<<<<<<<<<<<<<<<<<<<<<<<<<<<<<<<<<<<<<<<<<<<<<
[2023-04-01 14:33:55,314] root - INFO - Train Score		 Test Score		 Average Score
[2023-04-01 14:33:55,314] root - INFO - 1.0		 0.8249434389140271		0.9040756237408957
[2023-04-01 14:33:55,314] root - INFO - >>>>>>>>>>>>>>>>>>>>>>>>>>>>>>>>>>>>>>>>>>>>>>>>>>>>>>>>>>>> F1 Score <<<<<<<<<<<<<<<<<<<<<<<<<<<<<<<<<<<<<<<<<<<<<<<<<<<<<<<<<<<<
[2023-04-01 14:33:55,314] root - INFO - Diff test train accuracy: [0.1750565610859729].
[2023-04-01 14:33:55,315] root - INFO - Train root mean squared error: [1.0].
[2023-04-01 14:33:55,315] root - INFO - Test root mean squared error: [0.8384233881493083].
[2023-04-01 14:33:55,316] root - INFO - Best found model on both training and testing dataset.
[2023-04-01 14:33:55,382] root - INFO - Saving model at path: C:\Users\shiva\Desktop\test2\project_template\us_visa\artifact\model_trainer\2023-04-01-14-25-09\trained_model\model.pkl
[2023-04-01 14:33:55,805] root - INFO - Model Trainer Artifact: ModelTrainerArtifact(is_trained=True, message='Model Trained successfully', trained_model_file_path='C:\\Users\\shiva\\Desktop\\test2\\project_template\\us_visa\\artifact\\model_trainer\\2023-04-01-14-25-09\\trained_model\\model.pkl', train_f1=0.9279084374345733, test_f1=0.8692845615922539, train_accuracy=0.9241333725029377, test_accuracy=0.8625565610859729, model_accuracy=0.8922838695013552)
[2023-04-01 14:33:55,813] root - INFO - >>>>>>>>>>>>>>>>>>>>>>>>>>>>>>>>>>>>>>>>>>>>>>>>>>>>>>>>>>>>Model trainer log completed.<<<<<<<<<<<<<<<<<<<<<<<<<<<<<<<<<<<<<<<<<<<<<<<<<<<<<<<<<<<< 
